<?xml version="1.0" encoding="UTF-8"?>
<!-- Generated by org.testng.reporters.JUnitXMLReporter -->
<testsuite ignored="0" hostname="Deshan" failures="0" tests="5" name="Surefire test" time="26.336" errors="0" timestamp="08 Jun 2021 20:54:43 GMT">
  <testcase classname="com.qa.log4j.tests.UI_Page_Test" name="inputTest" time="2.41"/>
  <testcase classname="com.qa.log4j.tests.UI_Page_Test" name="buttonTest" time="0.605"/>
  <testcase classname="com.qa.log4j.tests.UI_Page_Test" name="selectTest" time="0.975"/>
  <testcase classname="com.qa.log4j.tests.UI_Page_Test" name="alertTest" time="6.086"/>
  <testcase classname="com.qa.log4j.tests.UI_Page_Test" name="framesTest" time="1.549"/>
</testsuite> <!-- Surefire test -->
