<?xml version="1.0" encoding="UTF-8"?>
<testng-results ignored="0" total="5" passed="5" failed="0" skipped="0">
  <reporter-output>
  </reporter-output>
  <suite started-at="2021-06-08T20:43:48Z" name="Default suite" finished-at="2021-06-08T20:44:16Z" duration-ms="28266">
    <groups>
    </groups>
    <test started-at="2021-06-08T20:43:48Z" name="Default test" finished-at="2021-06-08T20:44:16Z" duration-ms="28266">
      <class name="com.qa.log4j.tests.UI_Page_Test">
        <test-method is-config="true" signature="setUp()[pri:0, instance:com.qa.log4j.tests.UI_Page_Test@45673f68]" started-at="2021-06-08T20:43:48Z" name="setUp" finished-at="2021-06-08T20:44:01Z" duration-ms="13080" status="PASS">
          <reporter-output>
          </reporter-output>
        </test-method> <!-- setUp -->
        <test-method is-config="true" signature="AccSetUp()[pri:0, instance:com.qa.log4j.tests.UI_Page_Test@45673f68]" started-at="2021-06-08T20:44:01Z" name="AccSetUp" finished-at="2021-06-08T20:44:03Z" duration-ms="2468" status="PASS">
          <reporter-output>
          </reporter-output>
        </test-method> <!-- AccSetUp -->
        <test-method signature="inputTest()[pri:1, instance:com.qa.log4j.tests.UI_Page_Test@45673f68]" started-at="2021-06-08T20:44:03Z" name="inputTest" finished-at="2021-06-08T20:44:06Z" duration-ms="2402" status="PASS">
          <reporter-output>
          </reporter-output>
        </test-method> <!-- inputTest -->
        <test-method signature="buttonTest()[pri:2, instance:com.qa.log4j.tests.UI_Page_Test@45673f68]" started-at="2021-06-08T20:44:06Z" name="buttonTest" finished-at="2021-06-08T20:44:06Z" duration-ms="587" status="PASS">
          <reporter-output>
          </reporter-output>
        </test-method> <!-- buttonTest -->
        <test-method signature="selectTest()[pri:3, instance:com.qa.log4j.tests.UI_Page_Test@45673f68]" started-at="2021-06-08T20:44:06Z" name="selectTest" finished-at="2021-06-08T20:44:07Z" duration-ms="977" status="PASS">
          <reporter-output>
          </reporter-output>
        </test-method> <!-- selectTest -->
        <test-method signature="alertTest()[pri:4, instance:com.qa.log4j.tests.UI_Page_Test@45673f68]" started-at="2021-06-08T20:44:07Z" name="alertTest" finished-at="2021-06-08T20:44:13Z" duration-ms="5933" status="PASS">
          <reporter-output>
          </reporter-output>
        </test-method> <!-- alertTest -->
        <test-method signature="framesTest()[pri:5, instance:com.qa.log4j.tests.UI_Page_Test@45673f68]" started-at="2021-06-08T20:44:13Z" name="framesTest" finished-at="2021-06-08T20:44:15Z" duration-ms="1712" status="PASS">
          <reporter-output>
          </reporter-output>
        </test-method> <!-- framesTest -->
        <test-method is-config="true" signature="tearDown()[pri:0, instance:com.qa.log4j.tests.UI_Page_Test@45673f68]" started-at="2021-06-08T20:44:15Z" name="tearDown" finished-at="2021-06-08T20:44:16Z" duration-ms="851" status="PASS">
          <reporter-output>
          </reporter-output>
        </test-method> <!-- tearDown -->
      </class> <!-- com.qa.log4j.tests.UI_Page_Test -->
    </test> <!-- Default test -->
  </suite> <!-- Default suite -->
</testng-results>
